<?xml version="1.0" encoding="UTF-8"?>
<!-- Generated by org.testng.reporters.JUnitReportReporter -->
<testsuite hostname="AIPL5596LT03349" failures="0" tests="1" name="TestCases.NegativeTest" time="12.307" errors="0" timestamp="2023-03-21T17:43:46 IST" skipped="0">
  <testcase classname="TestCases.NegativeTest" name="testErrorMessage" time="12.307"/>
  <system-out/>
</testsuite> <!-- TestCases.NegativeTest -->
