<?xml version="1.0" encoding="UTF-8"?>
<!-- Generated by org.testng.reporters.JUnitReportReporter -->
<testsuite hostname="AIPL5596LT03349" failures="0" tests="1" name="Demo.DemoTest" time="32.389" errors="0" timestamp="2023-03-19T22:25:36 IST" skipped="0">
  <testcase classname="Demo.DemoTest" name="launchBrowser" time="32.389"/>
  <system-out/>
</testsuite> <!-- Demo.DemoTest -->
