<?xml version="1.0" encoding="UTF-8"?>
<!-- Generated by org.testng.reporters.JUnitReportReporter -->
<testsuite hostname="AIPL5596LT03349" failures="0" tests="1" name="TestCases.BorrowCalculatorNagativeTest" time="43.232" errors="0" timestamp="2023-03-21T21:13:28 IST" skipped="0">
  <testcase classname="TestCases.BorrowCalculatorNagativeTest" name="testErrorMessage" time="43.232"/>
  <system-out/>
</testsuite> <!-- TestCases.BorrowCalculatorNagativeTest -->
