<?xml version="1.0" encoding="UTF-8"?>
<!-- Generated by org.testng.reporters.JUnitReportReporter -->
<testsuite hostname="AIPL5596LT03349" failures="0" tests="1" name="Demo.BasePage" time="3.885" errors="0" timestamp="2023-03-19T22:48:11 IST" skipped="0">
  <testcase classname="Demo.BasePage" name="launchBrowser" time="3.885"/>
  <system-out/>
</testsuite> <!-- Demo.BasePage -->
